<?xml version="1.0" encoding="UTF-8"?>
<testng-results ignored="0" total="2" passed="2" failed="0" skipped="0">
  <reporter-output>
  </reporter-output>
  <suite started-at="2026-06-05T16:25:04 IST" name="Suite" finished-at="2026-06-05T16:25:08 IST" duration-ms="3445">
    <groups>
    </groups>
    <test started-at="2026-06-05T16:25:04 IST" name="Test" finished-at="2026-06-05T16:25:08 IST" duration-ms="3445">
      <class name="day1.EndToEndAuth">
        <test-method signature="authFlow()[pri:0, instance:day1.EndToEndAuth@29176cc1]" started-at="2026-06-05T16:25:06 IST" name="authFlow" finished-at="2026-06-05T16:25:08 IST" duration-ms="2083" status="PASS">
          <reporter-output>
          </reporter-output>
        </test-method> <!-- authFlow -->
      </class> <!-- day1.EndToEndAuth -->
      <class name="day1.HttpRequest">
        <test-method signature="createProduct()[pri:0, instance:day1.HttpRequest@65d6b83b]" started-at="2026-06-05T16:25:04 IST" name="createProduct" finished-at="2026-06-05T16:25:06 IST" duration-ms="1351" status="PASS">
          <reporter-output>
          </reporter-output>
        </test-method> <!-- createProduct -->
      </class> <!-- day1.HttpRequest -->
    </test> <!-- Test -->
  </suite> <!-- Suite -->
</testng-results>
