<?xml version="1.0" encoding="UTF-8"?>
<testng-results ignored="0" total="1" passed="1" failed="0" skipped="0">
  <reporter-output>
  </reporter-output>
  <suite started-at="2026-06-07T19:28:11 IST" name="Default suite" finished-at="2026-06-07T19:28:16 IST" duration-ms="4634">
    <groups>
    </groups>
    <test started-at="2026-06-07T19:28:11 IST" name="Default test" finished-at="2026-06-07T19:28:16 IST" duration-ms="4634">
      <class name="day1.HttpRequest">
        <test-method signature="createProduct()[pri:0, instance:day1.HttpRequest@49ec71f8]" started-at="2026-06-07T19:28:11 IST" name="createProduct" finished-at="2026-06-07T19:28:16 IST" duration-ms="4591" status="PASS">
          <reporter-output>
          </reporter-output>
        </test-method> <!-- createProduct -->
      </class> <!-- day1.HttpRequest -->
    </test> <!-- Default test -->
  </suite> <!-- Default suite -->
</testng-results>
