<?xml version="1.0" encoding="UTF-8"?>
<testng-results ignored="0" total="1" passed="1" failed="0" skipped="0">
  <reporter-output>
  </reporter-output>
  <suite started-at="2026-06-05T16:17:20 IST" name="Default suite" finished-at="2026-06-05T16:17:26 IST" duration-ms="5521">
    <groups>
    </groups>
    <test started-at="2026-06-05T16:17:20 IST" name="Default test" finished-at="2026-06-05T16:17:26 IST" duration-ms="5521">
      <class name="day1.EndToEndAuth">
        <test-method signature="authFlow()[pri:0, instance:day1.EndToEndAuth@49ec71f8]" started-at="2026-06-05T16:17:20 IST" name="authFlow" finished-at="2026-06-05T16:17:26 IST" duration-ms="5472" status="PASS">
          <reporter-output>
          </reporter-output>
        </test-method> <!-- authFlow -->
      </class> <!-- day1.EndToEndAuth -->
    </test> <!-- Default test -->
  </suite> <!-- Default suite -->
</testng-results>
